<?xml version="1.0" encoding="UTF-8"?>
<!-- Generated by org.testng.reporters.JUnitReportReporter -->
<testsuite hostname="LIN76003319" failures="0" tests="3" name="TestCases.SimpliLearnLogin" time="41.251" errors="0" timestamp="2022-09-11T10:50:08 IST" skipped="0">
  <testcase classname="TestCases.SimpliLearnLogin" name="Test2" time="14.439"/>
  <system-out/>
  <testcase classname="TestCases.SimpliLearnLogin" name="Test3" time="13.432"/>
  <system-out/>
  <testcase classname="TestCases.SimpliLearnLogin" name="Test1" time="13.380"/>
  <system-out/>
</testsuite> <!-- TestCases.SimpliLearnLogin -->
