<?xml version="1.0" encoding="UTF-8"?>
<!-- Generated by org.testng.reporters.JUnitReportReporter -->
<testsuite hostname="LIN76003319" failures="0" tests="3" name="TestCases.SimpliLearnLogin" time="31.693" errors="0" timestamp="2022-09-17T10:07:50 IST" skipped="0">
  <testcase classname="TestCases.SimpliLearnLogin" name="Test2" time="8.100"/>
  <system-out/>
  <testcase classname="TestCases.SimpliLearnLogin" name="Test1" time="13.433"/>
  <system-out/>
  <testcase classname="TestCases.SimpliLearnLogin" name="Test3" time="10.160"/>
  <system-out/>
</testsuite> <!-- TestCases.SimpliLearnLogin -->
