<?xml version="1.0" encoding="UTF-8"?>
<!-- Generated by org.testng.reporters.JUnitReportReporter -->
<testsuite hostname="LIN76003319" failures="0" tests="1" name="TestCases.HomeTest" time="4.235" errors="0" timestamp="2022-09-11T10:50:08 IST" skipped="0">
  <testcase classname="TestCases.HomeTest" name="Test1" time="4.235"/>
  <system-out/>
</testsuite> <!-- TestCases.HomeTest -->
