<?xml version="1.0" encoding="UTF-8"?>
<!-- Generated by org.testng.reporters.JUnitReportReporter -->
<testsuite skipped="0" hostname="LIN76003319" name="TestCases.HomeTest" tests="1" failures="0" timestamp="2022-09-11T09:22:28 IST" time="2.366" errors="0">
  <testcase name="Test1" time="2.366" classname="TestCases.HomeTest"/>
  <system-out/>
</testsuite> <!-- TestCases.HomeTest -->
