<?xml version="1.0" encoding="UTF-8"?>
<!-- Generated by org.testng.reporters.JUnitReportReporter -->
<testsuite skipped="0" hostname="LIN76003319" name="TestCases.SimpliLearnLogin" tests="2" failures="0" timestamp="2022-09-11T09:22:28 IST" time="28.998" errors="0">
  <testcase name="Test1" time="13.544" classname="TestCases.SimpliLearnLogin"/>
  <system-out/>
  <testcase name="Test2" time="15.454" classname="TestCases.SimpliLearnLogin"/>
  <system-out/>
</testsuite> <!-- TestCases.SimpliLearnLogin -->
