<?xml version="1.0" encoding="UTF-8"?>
<!-- Generated by org.testng.reporters.JUnitReportReporter -->
<testsuite skipped="0" hostname="LIN76003319" name="TestCases.SimpliLearnLogin" tests="3" failures="0" timestamp="2022-09-18T11:54:01 IST" time="35.786" errors="0">
  <testcase name="Test3" time="9.887" classname="TestCases.SimpliLearnLogin"/>
  <system-out/>
  <testcase name="Test2" time="11.596" classname="TestCases.SimpliLearnLogin"/>
  <system-out/>
  <testcase name="Test1" time="14.303" classname="TestCases.SimpliLearnLogin"/>
  <system-out/>
</testsuite> <!-- TestCases.SimpliLearnLogin -->
